<?xml version="1.0" encoding="UTF-8"?>
<!-- Generated by org.testng.reporters.JUnitReportReporter -->
<testsuite hostname="DESKTOP-7EUDCAL" failures="0" tests="2" name="testCases.LoginTest" time="6.719" errors="0" timestamp="2023-02-21T21:10:24 GMT-05:00" skipped="0">
  <testcase classname="testCases.LoginTest" name="login" time="2.641"/>
  <system-out/>
  <testcase classname="testCases.LoginTest" name="invalidlogin" time="4.078"/>
  <system-out/>
</testsuite> <!-- testCases.LoginTest -->
