<?xml version="1.0" encoding="UTF-8"?>
<!-- Generated by org.testng.reporters.JUnitReportReporter -->
<testsuite hostname="DESKTOP-7EUDCAL" failures="0" tests="2" name="testCases.LoginTest" time="11.509" errors="0" timestamp="2023-02-22T20:27:20 GMT-05:00" skipped="0">
  <testcase classname="testCases.LoginTest" name="login" time="4.118"/>
  <system-out/>
  <testcase classname="testCases.LoginTest" name="invalidlogin" time="7.391"/>
  <system-out/>
</testsuite> <!-- testCases.LoginTest -->
