<?xml version="1.0" encoding="UTF-8"?>
<!-- Generated by org.testng.reporters.JUnitReportReporter -->
<testsuite hostname="DESKTOP-7EUDCAL" failures="0" tests="1" name="testCases.AddToCartTest" time="3.027" errors="0" timestamp="2023-02-21T21:10:24 GMT-05:00" skipped="0">
  <testcase classname="testCases.AddToCartTest" name="addtocart" time="3.027"/>
  <system-out/>
</testsuite> <!-- testCases.AddToCartTest -->
