<?xml version="1.0" encoding="UTF-8"?>
<!-- Generated by org.testng.reporters.JUnitReportReporter -->
<testsuite hostname="DESKTOP-7EUDCAL" failures="0" tests="3" name="Examples.SampleTest" time="0.015" errors="0" timestamp="2023-02-20T20:23:22 GMT-05:00" skipped="0">
  <testcase classname="Examples.SampleTest" name="method2" time="0.002"/>
  <system-out/>
  <testcase classname="Examples.SampleTest" name="method3" time="0.002"/>
  <system-out/>
  <testcase classname="Examples.SampleTest" name="method1" time="0.011"/>
  <system-out/>
</testsuite> <!-- Examples.SampleTest -->
