<?xml version="1.0" encoding="UTF-8"?>
<!-- Generated by org.testng.reporters.JUnitReportReporter -->
<testsuite hostname="DESKTOP-7EUDCAL" failures="0" tests="4" name="Examples.PriorityEx" time="0.017" errors="0" timestamp="2023-02-20T20:48:17 GMT-05:00" skipped="0">
  <testcase classname="Examples.PriorityEx" name="OrdermethodB" time="0.011"/>
  <system-out/>
  <testcase classname="Examples.PriorityEx" name="LoginmethodA" time="0.002"/>
  <system-out/>
  <testcase classname="Examples.PriorityEx" name="Checkout" time="0.002"/>
  <system-out/>
  <testcase classname="Examples.PriorityEx" name="AddtocartmethodC" time="0.002"/>
  <system-out/>
</testsuite> <!-- Examples.PriorityEx -->
