<?xml version="1.0" encoding="UTF-8"?>
<!-- Generated by org.testng.reporters.JUnitReportReporter -->
<testsuite hostname="DESKTOP-7EUDCAL" failures="0" tests="1" name="TestCases.AddToCartTest" time="4.848" errors="0" timestamp="2023-02-20T20:57:36 GMT-05:00" skipped="0">
  <testcase classname="TestCases.AddToCartTest" name="addotcart" time="4.848"/>
  <system-out/>
</testsuite> <!-- TestCases.AddToCartTest -->
