<?xml version="1.0" encoding="UTF-8"?>
<!-- Generated by org.testng.reporters.JUnitReportReporter -->
<testsuite hostname="DESKTOP-7EUDCAL" failures="0" tests="2" name="TestCases.LoginTest" time="8.968" errors="0" timestamp="2023-02-20T20:57:36 GMT-05:00" skipped="0">
  <testcase classname="TestCases.LoginTest" name="validlogin" time="4.530"/>
  <system-out/>
  <testcase classname="TestCases.LoginTest" name="invalidlogin" time="4.438"/>
  <system-out/>
</testsuite> <!-- TestCases.LoginTest -->
