<?xml version="1.0" encoding="UTF-8"?>
<!-- Generated by org.testng.reporters.JUnitReportReporter -->
<testsuite hostname="DESKTOP-7EUDCAL" failures="0" tests="3" name="Examples.Annotation_Examples" time="0.012" errors="0" timestamp="2023-02-20T20:38:22 GMT-05:00" skipped="0">
  <testcase classname="Examples.Annotation_Examples" name="methodB" time="0.002"/>
  <system-out/>
  <testcase classname="Examples.Annotation_Examples" name="methodC" time="0.002"/>
  <system-out/>
  <testcase classname="Examples.Annotation_Examples" name="methodA" time="0.008"/>
  <system-out/>
</testsuite> <!-- Examples.Annotation_Examples -->
